# JRE version: Java(TM) SE Runtime Environment (8.0_45-b14) (build 1.8.0_45-b14)
# Java VM: Java HotSpot(TM) 64-Bit Server VM (25.45-b02 mixed mode windows-amd64 compressed oops)
Heap:
 garbage-first heap   total 393216K, used 209464K [0x0000000410000000, 0x0000000412000060, 0x00000007c0000000)
  region size 32768K, 4 young (131072K), 1 survivors (32768K)
 Metaspace       used 39938K, capacity 40509K, committed 40908K, reserved 1085440K
  class space    used 5264K, capacity 5479K, committed 5580K, reserved 1048576K
GC Heap History (10 events):
Event: 6.543 GC heap before
{Heap before GC invocations=19 (full 0):
 garbage-first heap   total 294912K, used 241555K [0x0000000410000000, 0x0000000412000048, 0x00000007c0000000)
  region size 32768K, 4 young (131072K), 1 survivors (32768K)
 Metaspace       used 34716K, capacity 35109K, committed 35584K, reserved 1079296K
  class space    used 4637K, capacity 4767K, committed 4864K, reserved 1048576K
Event: 6.556 GC heap after
Heap after GC invocations=20 (full 0):
 garbage-first heap   total 294912K, used 162252K [0x0000000410000000, 0x0000000412000048, 0x00000007c0000000)
  region size 32768K, 1 young (32768K), 1 survivors (32768K)
 Metaspace       used 34716K, capacity 35109K, committed 35584K, reserved 1079296K
  class space    used 4637K, capacity 4767K, committed 4864K, reserved 1048576K
}
Event: 6.607 GC heap before
{Heap before GC invocations=20 (full 0):
 garbage-first heap   total 294912K, used 162252K [0x0000000410000000, 0x0000000412000048, 0x00000007c0000000)
  region size 32768K, 2 young (65536K), 1 survivors (32768K)
 Metaspace       used 35237K, capacity 35583K, committed 35920K, reserved 1081344K
  class space    used 4705K, capacity 4840K, committed 4864K, reserved 1048576K
Event: 6.614 GC heap after
Heap after GC invocations=21 (full 0):
 garbage-first heap   total 294912K, used 160392K [0x0000000410000000, 0x0000000412000048, 0x00000007c0000000)
  region size 32768K, 1 young (32768K), 1 survivors (32768K)
 Metaspace       used 35237K, capacity 35583K, committed 35920K, reserved 1081344K
  class space    used 4705K, capacity 4840K, committed 4864K, reserved 1048576K
}
Event: 6.831 GC heap before
{Heap before GC invocations=22 (full 0):
 garbage-first heap   total 294912K, used 258696K [0x0000000410000000, 0x0000000412000048, 0x00000007c0000000)
  region size 32768K, 4 young (131072K), 1 survivors (32768K)
 Metaspace       used 37283K, capacity 37755K, committed 38220K, reserved 1083392K
  class space    used 4986K, capacity 5164K, committed 5196K, reserved 1048576K
Event: 6.854 GC heap after
Heap after GC invocations=23 (full 0):
 garbage-first heap   total 294912K, used 160211K [0x0000000410000000, 0x0000000412000048, 0x00000007c0000000)
  region size 32768K, 1 young (32768K), 1 survivors (32768K)
 Metaspace       used 37283K, capacity 37755K, committed 38220K, reserved 1083392K
  class space    used 4986K, capacity 5164K, committed 5196K, reserved 1048576K
}
Event: 7.057 GC heap before
{Heap before GC invocations=24 (full 0):
 garbage-first heap   total 294912K, used 258515K [0x0000000410000000, 0x0000000412000048, 0x00000007c0000000)
  region size 32768K, 4 young (131072K), 1 survivors (32768K)
 Metaspace       used 38431K, capacity 38885K, committed 39372K, reserved 1083392K
  class space    used 5106K, capacity 5305K, committed 5324K, reserved 1048576K
Event: 7.064 GC heap after
Heap after GC invocations=25 (full 0):
 garbage-first heap   total 294912K, used 155030K [0x0000000410000000, 0x0000000412000048, 0x00000007c0000000)
  region size 32768K, 1 young (32768K), 1 survivors (32768K)
 Metaspace       used 38431K, capacity 38885K, committed 39372K, reserved 1083392K
  class space    used 5106K, capacity 5305K, committed 5324K, reserved 1048576K
}
Event: 7.519 GC heap before
{Heap before GC invocations=25 (full 0):
 garbage-first heap   total 327680K, used 286102K [0x0000000410000000, 0x0000000412000050, 0x00000007c0000000)
  region size 32768K, 4 young (131072K), 1 survivors (32768K)
 Metaspace       used 38953K, capacity 39451K, committed 40012K, reserved 1083392K
  class space    used 5161K, capacity 5342K, committed 5452K, reserved 1048576K
Event: 7.533 GC heap after
Heap after GC invocations=26 (full 0):
 garbage-first heap   total 393216K, used 143928K [0x0000000410000000, 0x0000000412000060, 0x00000007c0000000)
  region size 32768K, 1 young (32768K), 1 survivors (32768K)
 Metaspace       used 38953K, capacity 39451K, committed 40012K, reserved 1083392K
  class space    used 5161K, capacity 5342K, committed 5452K, reserved 1048576K
}

